Determining if the pthread_create exist failed with the following output:
Change Dir: /home/sie/__git_projects/mp_simplehttp/CMakeFiles/CMakeTmp

Run Build Command:"/usr/bin/make" "cmTC_8367e/fast"
/usr/bin/make -f CMakeFiles/cmTC_8367e.dir/build.make CMakeFiles/cmTC_8367e.dir/build
make[1]: вход в каталог «/home/sie/__git_projects/mp_simplehttp/CMakeFiles/CMakeTmp»
Building C object CMakeFiles/cmTC_8367e.dir/CheckSymbolExists.c.o
/usr/bin/cc    -o CMakeFiles/cmTC_8367e.dir/CheckSymbolExists.c.o   -c /home/sie/__git_projects/mp_simplehttp/CMakeFiles/CMakeTmp/CheckSymbolExists.c
Linking C executable cmTC_8367e
/usr/bin/cmake -E cmake_link_script CMakeFiles/cmTC_8367e.dir/link.txt --verbose=1
/usr/bin/cc      -rdynamic CMakeFiles/cmTC_8367e.dir/CheckSymbolExists.c.o  -o cmTC_8367e 
/usr/bin/ld: CMakeFiles/cmTC_8367e.dir/CheckSymbolExists.c.o: in function `main':
CheckSymbolExists.c:(.text+0x1b): undefined reference to `pthread_create'
collect2: error: ld returned 1 exit status
make[1]: *** [CMakeFiles/cmTC_8367e.dir/build.make:87: cmTC_8367e] Ошибка 1
make[1]: выход из каталога «/home/sie/__git_projects/mp_simplehttp/CMakeFiles/CMakeTmp»
make: *** [Makefile:121: cmTC_8367e/fast] Ошибка 2

File /home/sie/__git_projects/mp_simplehttp/CMakeFiles/CMakeTmp/CheckSymbolExists.c:
/* */
#include <pthread.h>

int main(int argc, char** argv)
{
  (void)argv;
#ifndef pthread_create
  return ((int*)(&pthread_create))[argc];
#else
  (void)argc;
  return 0;
#endif
}

Determining if the function pthread_create exists in the pthreads failed with the following output:
Change Dir: /home/sie/__git_projects/mp_simplehttp/CMakeFiles/CMakeTmp

Run Build Command:"/usr/bin/make" "cmTC_712fc/fast"
/usr/bin/make -f CMakeFiles/cmTC_712fc.dir/build.make CMakeFiles/cmTC_712fc.dir/build
make[1]: вход в каталог «/home/sie/__git_projects/mp_simplehttp/CMakeFiles/CMakeTmp»
Building C object CMakeFiles/cmTC_712fc.dir/CheckFunctionExists.c.o
/usr/bin/cc   -DCHECK_FUNCTION_EXISTS=pthread_create   -o CMakeFiles/cmTC_712fc.dir/CheckFunctionExists.c.o   -c /usr/share/cmake-3.13/Modules/CheckFunctionExists.c
Linking C executable cmTC_712fc
/usr/bin/cmake -E cmake_link_script CMakeFiles/cmTC_712fc.dir/link.txt --verbose=1
/usr/bin/cc  -DCHECK_FUNCTION_EXISTS=pthread_create    -rdynamic CMakeFiles/cmTC_712fc.dir/CheckFunctionExists.c.o  -o cmTC_712fc -lpthreads 
/usr/bin/ld: cannot find -lpthreads
collect2: error: ld returned 1 exit status
make[1]: *** [CMakeFiles/cmTC_712fc.dir/build.make:87: cmTC_712fc] Ошибка 1
make[1]: выход из каталога «/home/sie/__git_projects/mp_simplehttp/CMakeFiles/CMakeTmp»
make: *** [Makefile:121: cmTC_712fc/fast] Ошибка 2


